<?xml version="1.0" encoding="UTF-8"?>
<testng-results ignored="0" total="1" passed="1" failed="0" skipped="0">
  <reporter-output>
  </reporter-output>
  <suite started-at="2024-04-12T16:56:20 IST" name="Suite" finished-at="2024-04-12T16:57:55 IST" duration-ms="94658">
    <groups>
    </groups>
    <test started-at="2024-04-12T16:56:20 IST" name="Test" finished-at="2024-04-12T16:57:55 IST" duration-ms="94658">
      <class name="practise_test.class_01">
        <test-method signature="web()[pri:0, instance:practise_test.class_01@49049a04]" started-at="2024-04-12T16:56:20 IST" name="web" finished-at="2024-04-12T16:57:55 IST" duration-ms="94604" status="PASS">
          <reporter-output>
          </reporter-output>
        </test-method> <!-- web -->
      </class> <!-- practise_test.class_01 -->
    </test> <!-- Test -->
  </suite> <!-- Suite -->
</testng-results>
